1633341944522|103|statement|connection 101|url jdbc:h2:tcp://localhost/~/sharemusic|drop table if exists account CASCADE |drop table if exists account CASCADE 
1633341944522|102|statement|connection 100|url jdbc:h2:tcp://localhost/~/sharemusic|drop table if exists persistent_logins CASCADE |drop table if exists persistent_logins CASCADE 
1633341944523|0|statement|connection 101|url jdbc:h2:tcp://localhost/~/sharemusic|drop table if exists album CASCADE |drop table if exists album CASCADE 
1633341944523|0|statement|connection 100|url jdbc:h2:tcp://localhost/~/sharemusic|drop table if exists track CASCADE |drop table if exists track CASCADE 
1633341944523|0|statement|connection 101|url jdbc:h2:tcp://localhost/~/sharemusic|drop table if exists persistent_logins CASCADE |drop table if exists persistent_logins CASCADE 
1633341944524|0|statement|connection 101|url jdbc:h2:tcp://localhost/~/sharemusic|drop table if exists track CASCADE |drop table if exists track CASCADE 
1633345127382|102|statement|connection 102|url jdbc:h2:tcp://localhost/~/sharemusic|drop table if exists album CASCADE |drop table if exists album CASCADE 
1633345127383|0|statement|connection 102|url jdbc:h2:tcp://localhost/~/sharemusic|drop table if exists persistent_logins CASCADE |drop table if exists persistent_logins CASCADE 
1633345127383|0|statement|connection 102|url jdbc:h2:tcp://localhost/~/sharemusic|drop table if exists track CASCADE |drop table if exists track CASCADE 
1633497768373|108|statement|connection 108|url jdbc:h2:tcp://localhost/~/sharemusic|drop table if exists album CASCADE |drop table if exists album CASCADE 
1633497768373|108|statement|connection 106|url jdbc:h2:tcp://localhost/~/sharemusic|drop table if exists persistent_logins CASCADE |drop table if exists persistent_logins CASCADE 
1633497768373|0|statement|connection 106|url jdbc:h2:tcp://localhost/~/sharemusic|drop table if exists track CASCADE |drop table if exists track CASCADE 
1633497768373|0|statement|connection 108|url jdbc:h2:tcp://localhost/~/sharemusic|drop table if exists persistent_logins CASCADE |drop table if exists persistent_logins CASCADE 
1633497768373|0|statement|connection 108|url jdbc:h2:tcp://localhost/~/sharemusic|drop table if exists track CASCADE |drop table if exists track CASCADE 
1633500504753|106|statement|connection 108|url jdbc:h2:tcp://localhost/~/sharemusic|drop table if exists persistent_logins CASCADE |drop table if exists persistent_logins CASCADE 
1633500504753|0|statement|connection 108|url jdbc:h2:tcp://localhost/~/sharemusic|drop table if exists track CASCADE |drop table if exists track CASCADE 
1633501726193|100|statement|connection 66|url jdbc:h2:tcp://localhost/~/sharemusic|drop table if exists account CASCADE |drop table if exists account CASCADE 
1633501726193|99|statement|connection 64|url jdbc:h2:tcp://localhost/~/sharemusic|drop table if exists persistent_logins CASCADE |drop table if exists persistent_logins CASCADE 
1633501726193|0|statement|connection 64|url jdbc:h2:tcp://localhost/~/sharemusic|drop table if exists track CASCADE |drop table if exists track CASCADE 
1633501726193|0|statement|connection 66|url jdbc:h2:tcp://localhost/~/sharemusic|drop table if exists album CASCADE |drop table if exists album CASCADE 
1633501726193|0|statement|connection 66|url jdbc:h2:tcp://localhost/~/sharemusic|drop table if exists persistent_logins CASCADE |drop table if exists persistent_logins CASCADE 
1633501726193|0|statement|connection 66|url jdbc:h2:tcp://localhost/~/sharemusic|drop table if exists track CASCADE |drop table if exists track CASCADE 
1633583589758|101|statement|connection 114|url jdbc:h2:tcp://localhost/~/sharemusic|drop table if exists persistent_logins CASCADE |drop table if exists persistent_logins CASCADE 
1633583589758|101|statement|connection 110|url jdbc:h2:tcp://localhost/~/sharemusic|drop table if exists album CASCADE |drop table if exists album CASCADE 
1633583589758|101|statement|connection 112|url jdbc:h2:tcp://localhost/~/sharemusic|drop table if exists persistent_logins CASCADE |drop table if exists persistent_logins CASCADE 
1633583589758|0|statement|connection 110|url jdbc:h2:tcp://localhost/~/sharemusic|drop table if exists persistent_logins CASCADE |drop table if exists persistent_logins CASCADE 
1633583589758|0|statement|connection 114|url jdbc:h2:tcp://localhost/~/sharemusic|drop table if exists track CASCADE |drop table if exists track CASCADE 
1633583589758|0|statement|connection 112|url jdbc:h2:tcp://localhost/~/sharemusic|drop table if exists track CASCADE |drop table if exists track CASCADE 
1633583589758|0|statement|connection 110|url jdbc:h2:tcp://localhost/~/sharemusic|drop table if exists track CASCADE |drop table if exists track CASCADE 
1633583725084|104|statement|connection 109|url jdbc:h2:tcp://localhost/~/sharemusic|drop table if exists album CASCADE |drop table if exists album CASCADE 
1633583725084|104|statement|connection 110|url jdbc:h2:tcp://localhost/~/sharemusic|drop table if exists album CASCADE |drop table if exists album CASCADE 
1633583725084|0|statement|connection 109|url jdbc:h2:tcp://localhost/~/sharemusic|drop table if exists persistent_logins CASCADE |drop table if exists persistent_logins CASCADE 
1633583725084|0|statement|connection 110|url jdbc:h2:tcp://localhost/~/sharemusic|drop table if exists persistent_logins CASCADE |drop table if exists persistent_logins CASCADE 
1633583725084|0|statement|connection 109|url jdbc:h2:tcp://localhost/~/sharemusic|drop table if exists track CASCADE |drop table if exists track CASCADE 
1633583725084|0|statement|connection 110|url jdbc:h2:tcp://localhost/~/sharemusic|drop table if exists track CASCADE |drop table if exists track CASCADE 
1633584033458|107|statement|connection 118|url jdbc:h2:tcp://localhost/~/sharemusic|drop table if exists album CASCADE |drop table if exists album CASCADE 
1633584033458|107|statement|connection 117|url jdbc:h2:tcp://localhost/~/sharemusic|drop table if exists track CASCADE |drop table if exists track CASCADE 
1633584033458|0|statement|connection 118|url jdbc:h2:tcp://localhost/~/sharemusic|drop table if exists persistent_logins CASCADE |drop table if exists persistent_logins CASCADE 
1633584033458|0|statement|connection 118|url jdbc:h2:tcp://localhost/~/sharemusic|drop table if exists track CASCADE |drop table if exists track CASCADE 
1633586448247|106|statement|connection 119|url jdbc:h2:tcp://localhost/~/sharemusic|drop table if exists persistent_logins CASCADE |drop table if exists persistent_logins CASCADE 
1633586448247|0|statement|connection 119|url jdbc:h2:tcp://localhost/~/sharemusic|drop table if exists track CASCADE |drop table if exists track CASCADE 
1633698087281|112|statement|connection 142|url jdbc:h2:tcp://localhost/~/sharemusic|drop table if exists persistent_logins CASCADE |drop table if exists persistent_logins CASCADE 
1633698087281|112|statement|connection 141|url jdbc:h2:tcp://localhost/~/sharemusic|drop table if exists persistent_logins CASCADE |drop table if exists persistent_logins CASCADE 
1633698087281|112|statement|connection 144|url jdbc:h2:tcp://localhost/~/sharemusic|drop table if exists persistent_logins CASCADE |drop table if exists persistent_logins CASCADE 
1633698087281|112|statement|connection 145|url jdbc:h2:tcp://localhost/~/sharemusic|drop table if exists persistent_logins CASCADE |drop table if exists persistent_logins CASCADE 
1633698087282|0|statement|connection 142|url jdbc:h2:tcp://localhost/~/sharemusic|drop table if exists track CASCADE |drop table if exists track CASCADE 
1633698087282|0|statement|connection 141|url jdbc:h2:tcp://localhost/~/sharemusic|drop table if exists track CASCADE |drop table if exists track CASCADE 
1633698087282|0|statement|connection 144|url jdbc:h2:tcp://localhost/~/sharemusic|drop table if exists track CASCADE |drop table if exists track CASCADE 
1633698087282|0|statement|connection 145|url jdbc:h2:tcp://localhost/~/sharemusic|drop table if exists track CASCADE |drop table if exists track CASCADE 
1633925674451|2013|statement|connection 154|url jdbc:h2:tcp://localhost/~/sharemusic|     drop table if exists account CASCADE |     drop table if exists account CASCADE 
1633925674451|0|statement|connection 154|url jdbc:h2:tcp://localhost/~/sharemusic|     drop table if exists album CASCADE |     drop table if exists album CASCADE 
1633925674451|0|statement|connection 154|url jdbc:h2:tcp://localhost/~/sharemusic|     drop table if exists persistent_logins CASCADE |     drop table if exists persistent_logins CASCADE 
1633925674451|0|statement|connection 154|url jdbc:h2:tcp://localhost/~/sharemusic|     drop table if exists track CASCADE |     drop table if exists track CASCADE 
